================================================================================
HPLinpack 2.3  --  High-Performance Linpack benchmark  --   December 2, 2018
Written by A. Petitet and R. Clint Whaley,  Innovative Computing Laboratory, UTK
Modified by Piotr Luszczek, Innovative Computing Laboratory, UTK
Modified by Julien Langou, University of Colorado Denver
================================================================================

An explanation of the input/output parameters follows:
T/V    : Wall time / encoded variant.
N      : The order of the coefficient matrix A.
NB     : The partitioning blocking factor.
P      : The number of process rows.
Q      : The number of process columns.
Time   : Time in seconds to solve the linear system.
Gflops : Rate of execution for solving the linear system.

The following parameter values will be used:

N      :    8000 
NB     :     256 
PMAP   : Row-major process mapping
P      :       8 
Q      :       8 
PFACT  :   Crout    Right 
NBMIN  :       2 
NDIV   :       2        3 
RFACT  :   Crout    Right 
BCAST  :  1ringM   2ringM 
DEPTH  :       0        1 
SWAP   : Mix (threshold = 320)
L1     : transposed form
U      : transposed form
EQUIL  : yes
ALIGN  : 8 double precision words

--------------------------------------------------------------------------------

- The matrix A is randomly generated for each test.
- The following scaled residual check will be computed:
      ||Ax-b||_oo / ( eps * ( || x ||_oo * || A ||_oo + || b ||_oo ) * N )
- The relative machine precision (eps) is taken to be               1.110223e-16
- Computational tests pass if scaled residuals are less than                16.0

================================================================================
T/V                N    NB     P     Q               Time                 Gflops
--------------------------------------------------------------------------------
WR01C2C2        8000   256     8     8               5.55             6.1533e+01
HPL_pdgesv() start time Sun Feb  1 23:25:10 2026

HPL_pdgesv() end time   Sun Feb  1 23:25:16 2026

--------------------------------------------------------------------------------
||Ax-b||_oo/(eps*(||A||_oo*||x||_oo+||b||_oo)*N)=   4.18353124e-03 ...... PASSED
================================================================================
T/V                N    NB     P     Q               Time                 Gflops
--------------------------------------------------------------------------------
WR01C3C2        8000   256     8     8               5.67             6.0257e+01
HPL_pdgesv() start time Sun Feb  1 23:25:16 2026

HPL_pdgesv() end time   Sun Feb  1 23:25:21 2026

--------------------------------------------------------------------------------
||Ax-b||_oo/(eps*(||A||_oo*||x||_oo+||b||_oo)*N)=   4.18353124e-03 ...... PASSED
================================================================================
T/V                N    NB     P     Q               Time                 Gflops
--------------------------------------------------------------------------------
WR01C2R2        8000   256     8     8               5.46             6.2524e+01
HPL_pdgesv() start time Sun Feb  1 23:25:22 2026

HPL_pdgesv() end time   Sun Feb  1 23:25:27 2026

--------------------------------------------------------------------------------
||Ax-b||_oo/(eps*(||A||_oo*||x||_oo+||b||_oo)*N)=   4.18353124e-03 ...... PASSED
================================================================================
T/V                N    NB     P     Q               Time                 Gflops
--------------------------------------------------------------------------------
WR01C3R2        8000   256     8     8               5.33             6.4108e+01
HPL_pdgesv() start time Sun Feb  1 23:25:27 2026

HPL_pdgesv() end time   Sun Feb  1 23:25:33 2026

--------------------------------------------------------------------------------
||Ax-b||_oo/(eps*(||A||_oo*||x||_oo+||b||_oo)*N)=   4.18353124e-03 ...... PASSED
================================================================================
T/V                N    NB     P     Q               Time                 Gflops
--------------------------------------------------------------------------------
WR01R2C2        8000   256     8     8               5.10             6.6936e+01
HPL_pdgesv() start time Sun Feb  1 23:25:33 2026

HPL_pdgesv() end time   Sun Feb  1 23:25:38 2026

--------------------------------------------------------------------------------
||Ax-b||_oo/(eps*(||A||_oo*||x||_oo+||b||_oo)*N)=   4.18353124e-03 ...... PASSED
================================================================================
T/V                N    NB     P     Q               Time                 Gflops
--------------------------------------------------------------------------------
WR01R3C2        8000   256     8     8               6.16             5.5391e+01
HPL_pdgesv() start time Sun Feb  1 23:25:38 2026

HPL_pdgesv() end time   Sun Feb  1 23:25:44 2026

--------------------------------------------------------------------------------
||Ax-b||_oo/(eps*(||A||_oo*||x||_oo+||b||_oo)*N)=   4.18353124e-03 ...... PASSED
================================================================================
T/V                N    NB     P     Q               Time                 Gflops
--------------------------------------------------------------------------------
WR01R2R2        8000   256     8     8               5.30             6.4461e+01
HPL_pdgesv() start time Sun Feb  1 23:25:44 2026

HPL_pdgesv() end time   Sun Feb  1 23:25:50 2026

--------------------------------------------------------------------------------
||Ax-b||_oo/(eps*(||A||_oo*||x||_oo+||b||_oo)*N)=   4.18353124e-03 ...... PASSED
================================================================================
T/V                N    NB     P     Q               Time                 Gflops
--------------------------------------------------------------------------------
WR01R3R2        8000   256     8     8               5.22             6.5379e+01
HPL_pdgesv() start time Sun Feb  1 23:25:50 2026

HPL_pdgesv() end time   Sun Feb  1 23:25:55 2026

--------------------------------------------------------------------------------
||Ax-b||_oo/(eps*(||A||_oo*||x||_oo+||b||_oo)*N)=   4.18353124e-03 ...... PASSED
================================================================================
T/V                N    NB     P     Q               Time                 Gflops
--------------------------------------------------------------------------------
WR03C2C2        8000   256     8     8               5.13             6.6554e+01
HPL_pdgesv() start time Sun Feb  1 23:25:55 2026

HPL_pdgesv() end time   Sun Feb  1 23:26:01 2026

--------------------------------------------------------------------------------
||Ax-b||_oo/(eps*(||A||_oo*||x||_oo+||b||_oo)*N)=   4.18353124e-03 ...... PASSED
================================================================================
T/V                N    NB     P     Q               Time                 Gflops
--------------------------------------------------------------------------------
WR03C3C2        8000   256     8     8               5.14             6.6431e+01
HPL_pdgesv() start time Sun Feb  1 23:26:01 2026

HPL_pdgesv() end time   Sun Feb  1 23:26:06 2026

--------------------------------------------------------------------------------
||Ax-b||_oo/(eps*(||A||_oo*||x||_oo+||b||_oo)*N)=   4.18353124e-03 ...... PASSED
================================================================================
T/V                N    NB     P     Q               Time                 Gflops
--------------------------------------------------------------------------------
WR03C2R2        8000   256     8     8               5.19             6.5801e+01
HPL_pdgesv() start time Sun Feb  1 23:26:06 2026

HPL_pdgesv() end time   Sun Feb  1 23:26:11 2026

--------------------------------------------------------------------------------
||Ax-b||_oo/(eps*(||A||_oo*||x||_oo+||b||_oo)*N)=   4.18353124e-03 ...... PASSED
================================================================================
T/V                N    NB     P     Q               Time                 Gflops
--------------------------------------------------------------------------------
WR03C3R2        8000   256     8     8               5.73             5.9549e+01
HPL_pdgesv() start time Sun Feb  1 23:26:12 2026

HPL_pdgesv() end time   Sun Feb  1 23:26:17 2026

--------------------------------------------------------------------------------
||Ax-b||_oo/(eps*(||A||_oo*||x||_oo+||b||_oo)*N)=   4.18353124e-03 ...... PASSED
================================================================================
T/V                N    NB     P     Q               Time                 Gflops
--------------------------------------------------------------------------------
WR03R2C2        8000   256     8     8               5.03             6.7869e+01
HPL_pdgesv() start time Sun Feb  1 23:26:18 2026

HPL_pdgesv() end time   Sun Feb  1 23:26:23 2026

--------------------------------------------------------------------------------
||Ax-b||_oo/(eps*(||A||_oo*||x||_oo+||b||_oo)*N)=   4.18353124e-03 ...... PASSED
================================================================================
T/V                N    NB     P     Q               Time                 Gflops
--------------------------------------------------------------------------------
WR03R3C2        8000   256     8     8               5.38             6.3473e+01
HPL_pdgesv() start time Sun Feb  1 23:26:23 2026

HPL_pdgesv() end time   Sun Feb  1 23:26:28 2026

--------------------------------------------------------------------------------
||Ax-b||_oo/(eps*(||A||_oo*||x||_oo+||b||_oo)*N)=   4.18353124e-03 ...... PASSED
================================================================================
T/V                N    NB     P     Q               Time                 Gflops
--------------------------------------------------------------------------------
WR03R2R2        8000   256     8     8               5.17             6.6103e+01
HPL_pdgesv() start time Sun Feb  1 23:26:28 2026

HPL_pdgesv() end time   Sun Feb  1 23:26:33 2026

--------------------------------------------------------------------------------
||Ax-b||_oo/(eps*(||A||_oo*||x||_oo+||b||_oo)*N)=   4.18353124e-03 ...... PASSED
================================================================================
T/V                N    NB     P     Q               Time                 Gflops
--------------------------------------------------------------------------------
WR03R3R2        8000   256     8     8               5.32             6.4138e+01
HPL_pdgesv() start time Sun Feb  1 23:26:34 2026

HPL_pdgesv() end time   Sun Feb  1 23:26:39 2026

--------------------------------------------------------------------------------
||Ax-b||_oo/(eps*(||A||_oo*||x||_oo+||b||_oo)*N)=   4.18353124e-03 ...... PASSED
================================================================================
T/V                N    NB     P     Q               Time                 Gflops
--------------------------------------------------------------------------------
WR11C2C2        8000   256     8     8               4.68             7.2969e+01
HPL_pdgesv() start time Sun Feb  1 23:26:39 2026

HPL_pdgesv() end time   Sun Feb  1 23:26:44 2026

--------------------------------------------------------------------------------
||Ax-b||_oo/(eps*(||A||_oo*||x||_oo+||b||_oo)*N)=   4.18353124e-03 ...... PASSED
================================================================================
T/V                N    NB     P     Q               Time                 Gflops
--------------------------------------------------------------------------------
WR11C3C2        8000   256     8     8               4.90             6.9701e+01
HPL_pdgesv() start time Sun Feb  1 23:26:44 2026

HPL_pdgesv() end time   Sun Feb  1 23:26:49 2026

--------------------------------------------------------------------------------
||Ax-b||_oo/(eps*(||A||_oo*||x||_oo+||b||_oo)*N)=   4.18353124e-03 ...... PASSED
================================================================================
T/V                N    NB     P     Q               Time                 Gflops
--------------------------------------------------------------------------------
WR11C2R2        8000   256     8     8               5.72             5.9733e+01
HPL_pdgesv() start time Sun Feb  1 23:26:49 2026

HPL_pdgesv() end time   Sun Feb  1 23:26:55 2026

--------------------------------------------------------------------------------
||Ax-b||_oo/(eps*(||A||_oo*||x||_oo+||b||_oo)*N)=   4.18353124e-03 ...... PASSED
================================================================================
T/V                N    NB     P     Q               Time                 Gflops
--------------------------------------------------------------------------------
WR11C3R2        8000   256     8     8               4.56             7.4931e+01
HPL_pdgesv() start time Sun Feb  1 23:26:55 2026

HPL_pdgesv() end time   Sun Feb  1 23:27:00 2026

--------------------------------------------------------------------------------
||Ax-b||_oo/(eps*(||A||_oo*||x||_oo+||b||_oo)*N)=   4.18353124e-03 ...... PASSED
================================================================================
T/V                N    NB     P     Q               Time                 Gflops
--------------------------------------------------------------------------------
WR11R2C2        8000   256     8     8               5.68             6.0095e+01
HPL_pdgesv() start time Sun Feb  1 23:27:00 2026

HPL_pdgesv() end time   Sun Feb  1 23:27:05 2026

--------------------------------------------------------------------------------
||Ax-b||_oo/(eps*(||A||_oo*||x||_oo+||b||_oo)*N)=   4.18353124e-03 ...... PASSED
================================================================================
T/V                N    NB     P     Q               Time                 Gflops
--------------------------------------------------------------------------------
WR11R3C2        8000   256     8     8               4.79             7.1323e+01
HPL_pdgesv() start time Sun Feb  1 23:27:06 2026

HPL_pdgesv() end time   Sun Feb  1 23:27:11 2026

--------------------------------------------------------------------------------
||Ax-b||_oo/(eps*(||A||_oo*||x||_oo+||b||_oo)*N)=   4.18353124e-03 ...... PASSED
================================================================================
T/V                N    NB     P     Q               Time                 Gflops
--------------------------------------------------------------------------------
WR11R2R2        8000   256     8     8               4.56             7.4871e+01
HPL_pdgesv() start time Sun Feb  1 23:27:11 2026

HPL_pdgesv() end time   Sun Feb  1 23:27:15 2026

--------------------------------------------------------------------------------
||Ax-b||_oo/(eps*(||A||_oo*||x||_oo+||b||_oo)*N)=   4.18353124e-03 ...... PASSED
================================================================================
T/V                N    NB     P     Q               Time                 Gflops
--------------------------------------------------------------------------------
WR11R3R2        8000   256     8     8               5.11             6.6872e+01
HPL_pdgesv() start time Sun Feb  1 23:27:15 2026

HPL_pdgesv() end time   Sun Feb  1 23:27:21 2026

--------------------------------------------------------------------------------
||Ax-b||_oo/(eps*(||A||_oo*||x||_oo+||b||_oo)*N)=   4.18353124e-03 ...... PASSED
================================================================================
T/V                N    NB     P     Q               Time                 Gflops
--------------------------------------------------------------------------------
WR13C2C2        8000   256     8     8               5.21             6.5559e+01
HPL_pdgesv() start time Sun Feb  1 23:27:21 2026

HPL_pdgesv() end time   Sun Feb  1 23:27:26 2026

--------------------------------------------------------------------------------
||Ax-b||_oo/(eps*(||A||_oo*||x||_oo+||b||_oo)*N)=   4.18353124e-03 ...... PASSED
================================================================================
T/V                N    NB     P     Q               Time                 Gflops
--------------------------------------------------------------------------------
WR13C3C2        8000   256     8     8               4.76             7.1713e+01
HPL_pdgesv() start time Sun Feb  1 23:27:26 2026

HPL_pdgesv() end time   Sun Feb  1 23:27:31 2026

--------------------------------------------------------------------------------
||Ax-b||_oo/(eps*(||A||_oo*||x||_oo+||b||_oo)*N)=   4.18353124e-03 ...... PASSED
================================================================================
T/V                N    NB     P     Q               Time                 Gflops
--------------------------------------------------------------------------------
WR13C2R2        8000   256     8     8               4.78             7.1367e+01
HPL_pdgesv() start time Sun Feb  1 23:27:31 2026

HPL_pdgesv() end time   Sun Feb  1 23:27:36 2026

--------------------------------------------------------------------------------
||Ax-b||_oo/(eps*(||A||_oo*||x||_oo+||b||_oo)*N)=   4.18353124e-03 ...... PASSED
================================================================================
T/V                N    NB     P     Q               Time                 Gflops
--------------------------------------------------------------------------------
WR13C3R2        8000   256     8     8               4.43             7.7117e+01
HPL_pdgesv() start time Sun Feb  1 23:27:36 2026

HPL_pdgesv() end time   Sun Feb  1 23:27:41 2026

--------------------------------------------------------------------------------
||Ax-b||_oo/(eps*(||A||_oo*||x||_oo+||b||_oo)*N)=   4.18353124e-03 ...... PASSED
================================================================================
T/V                N    NB     P     Q               Time                 Gflops
--------------------------------------------------------------------------------
WR13R2C2        8000   256     8     8               5.31             6.4282e+01
HPL_pdgesv() start time Sun Feb  1 23:27:41 2026

HPL_pdgesv() end time   Sun Feb  1 23:27:46 2026

--------------------------------------------------------------------------------
||Ax-b||_oo/(eps*(||A||_oo*||x||_oo+||b||_oo)*N)=   4.18353124e-03 ...... PASSED
================================================================================
T/V                N    NB     P     Q               Time                 Gflops
--------------------------------------------------------------------------------
WR13R3C2        8000   256     8     8               4.77             7.1517e+01
HPL_pdgesv() start time Sun Feb  1 23:27:46 2026

HPL_pdgesv() end time   Sun Feb  1 23:27:51 2026

--------------------------------------------------------------------------------
||Ax-b||_oo/(eps*(||A||_oo*||x||_oo+||b||_oo)*N)=   4.18353124e-03 ...... PASSED
================================================================================
T/V                N    NB     P     Q               Time                 Gflops
--------------------------------------------------------------------------------
WR13R2R2        8000   256     8     8               4.60             7.4149e+01
HPL_pdgesv() start time Sun Feb  1 23:27:51 2026

HPL_pdgesv() end time   Sun Feb  1 23:27:56 2026

--------------------------------------------------------------------------------
||Ax-b||_oo/(eps*(||A||_oo*||x||_oo+||b||_oo)*N)=   4.18353124e-03 ...... PASSED
================================================================================
T/V                N    NB     P     Q               Time                 Gflops
--------------------------------------------------------------------------------
WR13R3R2        8000   256     8     8               4.57             7.4636e+01
HPL_pdgesv() start time Sun Feb  1 23:27:56 2026

HPL_pdgesv() end time   Sun Feb  1 23:28:01 2026

--------------------------------------------------------------------------------
||Ax-b||_oo/(eps*(||A||_oo*||x||_oo+||b||_oo)*N)=   4.18353124e-03 ...... PASSED
================================================================================

Finished     32 tests with the following results:
             32 tests completed and passed residual checks,
              0 tests completed and failed residual checks,
              0 tests skipped because of illegal input values.
--------------------------------------------------------------------------------

End of Tests.
================================================================================
