================================================================================
HPLinpack 2.3  --  High-Performance Linpack benchmark  --   December 2, 2018
Written by A. Petitet and R. Clint Whaley,  Innovative Computing Laboratory, UTK
Modified by Piotr Luszczek, Innovative Computing Laboratory, UTK
Modified by Julien Langou, University of Colorado Denver
================================================================================

An explanation of the input/output parameters follows:
T/V    : Wall time / encoded variant.
N      : The order of the coefficient matrix A.
NB     : The partitioning blocking factor.
P      : The number of process rows.
Q      : The number of process columns.
Time   : Time in seconds to solve the linear system.
Gflops : Rate of execution for solving the linear system.

The following parameter values will be used:

N      :   15000 
NB     :      64      128      192      256      320      384      448      512 
PMAP   : Row-major process mapping
P      :       8 
Q      :       8 
PFACT  :   Crout 
NBMIN  :       2 
NDIV   :       2 
RFACT  :   Right 
BCAST  :  1ringM 
DEPTH  :       1 
SWAP   : Mix (threshold = 320)
L1     : transposed form
U      : transposed form
EQUIL  : yes
ALIGN  : 8 double precision words

--------------------------------------------------------------------------------

- The matrix A is randomly generated for each test.
- The following scaled residual check will be computed:
      ||Ax-b||_oo / ( eps * ( || x ||_oo * || A ||_oo + || b ||_oo ) * N )
- The relative machine precision (eps) is taken to be               1.110223e-16
- Computational tests pass if scaled residuals are less than                16.0

================================================================================
T/V                N    NB     P     Q               Time                 Gflops
--------------------------------------------------------------------------------
WR11R2C2       15000    64     8     8              21.32             1.0555e+02
HPL_pdgesv() start time Mon Feb  2 22:25:59 2026

HPL_pdgesv() end time   Mon Feb  2 22:26:20 2026

--------------------------------------------------------------------------------
||Ax-b||_oo/(eps*(||A||_oo*||x||_oo+||b||_oo)*N)=   3.31875682e-03 ...... PASSED
================================================================================
T/V                N    NB     P     Q               Time                 Gflops
--------------------------------------------------------------------------------
WR11R2C2       15000   128     8     8              24.70             9.1110e+01
HPL_pdgesv() start time Mon Feb  2 22:26:20 2026

HPL_pdgesv() end time   Mon Feb  2 22:26:45 2026

--------------------------------------------------------------------------------
||Ax-b||_oo/(eps*(||A||_oo*||x||_oo+||b||_oo)*N)=   3.28600517e-03 ...... PASSED
================================================================================
T/V                N    NB     P     Q               Time                 Gflops
--------------------------------------------------------------------------------
WR11R2C2       15000   192     8     8              26.93             8.3564e+01
HPL_pdgesv() start time Mon Feb  2 22:26:45 2026

HPL_pdgesv() end time   Mon Feb  2 22:27:12 2026

--------------------------------------------------------------------------------
||Ax-b||_oo/(eps*(||A||_oo*||x||_oo+||b||_oo)*N)=   3.09768319e-03 ...... PASSED
================================================================================
T/V                N    NB     P     Q               Time                 Gflops
--------------------------------------------------------------------------------
WR11R2C2       15000   256     8     8              29.29             7.6824e+01
HPL_pdgesv() start time Mon Feb  2 22:27:13 2026

HPL_pdgesv() end time   Mon Feb  2 22:27:42 2026

--------------------------------------------------------------------------------
||Ax-b||_oo/(eps*(||A||_oo*||x||_oo+||b||_oo)*N)=   3.46204528e-03 ...... PASSED
================================================================================
T/V                N    NB     P     Q               Time                 Gflops
--------------------------------------------------------------------------------
WR11R2C2       15000   320     8     8              33.58             6.7012e+01
HPL_pdgesv() start time Mon Feb  2 22:27:43 2026

HPL_pdgesv() end time   Mon Feb  2 22:28:16 2026

--------------------------------------------------------------------------------
||Ax-b||_oo/(eps*(||A||_oo*||x||_oo+||b||_oo)*N)=   3.83537371e-03 ...... PASSED
================================================================================
T/V                N    NB     P     Q               Time                 Gflops
--------------------------------------------------------------------------------
WR11R2C2       15000   384     8     8              37.08             6.0686e+01
HPL_pdgesv() start time Mon Feb  2 22:28:17 2026

HPL_pdgesv() end time   Mon Feb  2 22:28:54 2026

--------------------------------------------------------------------------------
||Ax-b||_oo/(eps*(||A||_oo*||x||_oo+||b||_oo)*N)=   3.54651916e-03 ...... PASSED
================================================================================
T/V                N    NB     P     Q               Time                 Gflops
--------------------------------------------------------------------------------
WR11R2C2       15000   448     8     8              40.75             5.5225e+01
HPL_pdgesv() start time Mon Feb  2 22:28:54 2026

HPL_pdgesv() end time   Mon Feb  2 22:29:35 2026

--------------------------------------------------------------------------------
||Ax-b||_oo/(eps*(||A||_oo*||x||_oo+||b||_oo)*N)=   3.78097022e-03 ...... PASSED
================================================================================
T/V                N    NB     P     Q               Time                 Gflops
--------------------------------------------------------------------------------
WR11R2C2       15000   512     8     8              44.90             5.0119e+01
HPL_pdgesv() start time Mon Feb  2 22:29:35 2026

HPL_pdgesv() end time   Mon Feb  2 22:30:20 2026

--------------------------------------------------------------------------------
||Ax-b||_oo/(eps*(||A||_oo*||x||_oo+||b||_oo)*N)=   4.44557498e-03 ...... PASSED
================================================================================

Finished      8 tests with the following results:
              8 tests completed and passed residual checks,
              0 tests completed and failed residual checks,
              0 tests skipped because of illegal input values.
--------------------------------------------------------------------------------

End of Tests.
================================================================================
